<?xml version="1.0" encoding="UTF-8"?>
<!-- Generated by org.testng.reporters.JUnitXMLReporter -->
<testsuite ignored="5" hostname="EPINHYDW0878" failures="0" tests="6" name="All tests" time="100.377" errors="0" timestamp="2022-08-04T17:02:05 IST">
  <testcase classname="tests.CalculatorPageTests" name="checkInformationInVmClassString" time="98.349"/>
  <testcase classname="tests.CalculatorPageTests" name="checkCommitmentTermOneYear" time="0.035"/>
  <testcase classname="tests.CalculatorPageTests" name="checkInformationInInstanceTypeIncludeN1Standard8" time="0.027"/>
  <testcase classname="tests.CalculatorPageTests" name="checkInformationInVmClassStrings" time="0.106"/>
  <testcase classname="tests.CalculatorPageTests" name="checkLocalSsdSpace2x375Gib" time="0.019"/>
  <testcase classname="tests.CalculatorPageTests" name="checkRegionIsFrankfurt" time="0.016"/>
  <testcase classname="tests.BaseTest" name="@BeforeTest setDriver" time="0.0">
    <ignored/>
  </testcase> <!-- @BeforeTest setDriver -->
  <testcase classname="tests.CalculatorSmokeTest" name="isPageTitleVisible" time="0.0">
    <ignored/>
  </testcase> <!-- isPageTitleVisible -->
  <testcase classname="tests.CalculatorSmokeTest" name="InstanceTitle" time="0.0">
    <ignored/>
  </testcase> <!-- InstanceTitle -->
  <testcase classname="tests.CalculatorSmokeTest" name="calculatorPageHeaderTest" time="0.0">
    <ignored/>
  </testcase> <!-- calculatorPageHeaderTest -->
  <testcase classname="tests.CalculatorSmokeTest" name="isPageVisible" time="0.0">
    <ignored/>
  </testcase> <!-- isPageVisible -->
</testsuite> <!-- All tests -->
